2014.03.17 14:27:25 org.jivesoftware.openfire.plugin.AlcomatPlugin - Could not instantiate MYSQL
2014.03.17 14:28:23 org.jivesoftware.openfire.plugin.AlcomatPlugin - Could not instantiate MYSQL
2014.03.17 14:28:49 org.jivesoftware.database.DbConnectionManager - The database is already in use by another process: org.hsqldb.persist.NIOLockFile@dd2ef745[file =D:\work\eclipse\openfire\target\openfire\embedded-db\openfire.lck, exists=true, locked=false, valid=false, fl =null]: java.lang.Exception: checkHeartbeat(): lock file [D:\work\eclipse\openfire\target\openfire\embedded-db\openfire.lck] is presumably locked by another process.
java.sql.SQLException: The database is already in use by another process: org.hsqldb.persist.NIOLockFile@dd2ef745[file =D:\work\eclipse\openfire\target\openfire\embedded-db\openfire.lck, exists=true, locked=false, valid=false, fl =null]: java.lang.Exception: checkHeartbeat(): lock file [D:\work\eclipse\openfire\target\openfire\embedded-db\openfire.lck] is presumably locked by another process.
	at org.hsqldb.jdbc.Util.sqlException(Unknown Source)
	at org.hsqldb.jdbc.jdbcConnection.<init>(Unknown Source)
	at org.hsqldb.jdbcDriver.getConnection(Unknown Source)
	at org.hsqldb.jdbcDriver.connect(Unknown Source)
	at java.sql.DriverManager.getConnection(DriverManager.java:579)
	at java.sql.DriverManager.getConnection(DriverManager.java:190)
	at org.logicalcobwebs.proxool.DefaultConnectionBuilder.buildConnection(DefaultConnectionBuilder.java:39)
	at org.logicalcobwebs.proxool.Prototyper.buildConnection(Prototyper.java:159)
	at org.logicalcobwebs.proxool.ConnectionPool.getConnection(ConnectionPool.java:211)
	at org.logicalcobwebs.proxool.ProxoolDriver.connect(ProxoolDriver.java:89)
	at java.sql.DriverManager.getConnection(DriverManager.java:579)
	at java.sql.DriverManager.getConnection(DriverManager.java:190)
	at org.jivesoftware.database.EmbeddedConnectionProvider.getConnection(EmbeddedConnectionProvider.java:61)
	at org.jivesoftware.database.DbConnectionManager.setConnectionProvider(DbConnectionManager.java:620)
	at org.jivesoftware.database.DbConnectionManager.getConnection(DbConnectionManager.java:100)
	at org.jivesoftware.util.JiveProperties.loadProperties(JiveProperties.java:344)
	at org.jivesoftware.util.JiveProperties.init(JiveProperties.java:90)
	at org.jivesoftware.util.JiveProperties$JivePropertyHolder.<clinit>(JiveProperties.java:57)
	at org.jivesoftware.util.JiveProperties.getInstance(JiveProperties.java:69)
	at org.jivesoftware.util.JiveGlobals.getProperty(JiveGlobals.java:551)
	at org.jivesoftware.util.cache.CacheFactory.<clinit>(CacheFactory.java:93)
	at org.jivesoftware.openfire.XMPPServer.initialize(XMPPServer.java:359)
	at org.jivesoftware.openfire.XMPPServer.start(XMPPServer.java:462)
	at org.jivesoftware.openfire.XMPPServer.<init>(XMPPServer.java:200)
	at sun.reflect.NativeConstructorAccessorImpl.newInstance0(Native Method)
	at sun.reflect.NativeConstructorAccessorImpl.newInstance(NativeConstructorAccessorImpl.java:57)
	at sun.reflect.DelegatingConstructorAccessorImpl.newInstance(DelegatingConstructorAccessorImpl.java:45)
	at java.lang.reflect.Constructor.newInstance(Constructor.java:525)
	at java.lang.Class.newInstance0(Class.java:372)
	at java.lang.Class.newInstance(Class.java:325)
	at org.jivesoftware.openfire.starter.ServerStarter.start(ServerStarter.java:113)
	at org.jivesoftware.openfire.starter.ServerStarter.main(ServerStarter.java:58)
2014.03.17 14:28:49 org.jivesoftware.util.log.util.CommonsLogFactory - Prototype
java.sql.SQLException: The database is already in use by another process: org.hsqldb.persist.NIOLockFile@dd2ef745[file =D:\work\eclipse\openfire\target\openfire\embedded-db\openfire.lck, exists=true, locked=false, valid=false, fl =null]: java.lang.Exception: checkHeartbeat(): lock file [D:\work\eclipse\openfire\target\openfire\embedded-db\openfire.lck] is presumably locked by another process.
	at org.hsqldb.jdbc.Util.sqlException(Unknown Source)
	at org.hsqldb.jdbc.jdbcConnection.<init>(Unknown Source)
	at org.hsqldb.jdbcDriver.getConnection(Unknown Source)
	at org.hsqldb.jdbcDriver.connect(Unknown Source)
	at java.sql.DriverManager.getConnection(DriverManager.java:579)
	at java.sql.DriverManager.getConnection(DriverManager.java:190)
	at org.logicalcobwebs.proxool.DefaultConnectionBuilder.buildConnection(DefaultConnectionBuilder.java:39)
	at org.logicalcobwebs.proxool.Prototyper.buildConnection(Prototyper.java:159)
	at org.logicalcobwebs.proxool.Prototyper.sweep(Prototyper.java:102)
	at org.logicalcobwebs.proxool.PrototyperThread.run(PrototyperThread.java:44)
